KutralNet(
  (block1): KutralBlock(
    (conv): Conv2d(3, 32, kernel_size=(3, 3), stride=(1, 1), padding=(1, 1), bias=False)
    (bn): BatchNorm2d(32, eps=1e-05, momentum=0.1, affine=True, track_running_stats=True)
    (act): LeakyReLU(negative_slope=0.01, inplace=True)
    (pool): MaxPool2d(kernel_size=2, stride=2, padding=0, dilation=1, ceil_mode=False)
  )
  (block2): KutralBlock(
    (conv): Conv2d(32, 64, kernel_size=(3, 3), stride=(1, 1), padding=(1, 1), bias=False)
    (bn): BatchNorm2d(64, eps=1e-05, momentum=0.1, affine=True, track_running_stats=True)
    (act): LeakyReLU(negative_slope=0.01, inplace=True)
    (pool): MaxPool2d(kernel_size=2, stride=2, padding=0, dilation=1, ceil_mode=False)
  )
  (block3): KutralBlock(
    (conv): Conv2d(64, 128, kernel_size=(3, 3), stride=(1, 1), padding=(1, 1), bias=False)
    (bn): BatchNorm2d(128, eps=1e-05, momentum=0.1, affine=True, track_running_stats=True)
    (act): LeakyReLU(negative_slope=0.01, inplace=True)
    (pool): MaxPool2d(kernel_size=2, stride=2, padding=0, dilation=1, ceil_mode=False)
  )
  (block4): Sequential(
    (0): Conv2d(128, 64, kernel_size=(1, 1), stride=(1, 1), bias=False)
    (1): Conv2d(64, 64, kernel_size=(3, 3), stride=(1, 1), padding=(1, 1), bias=False)
    (2): BatchNorm2d(64, eps=1e-05, momentum=0.1, affine=True, track_running_stats=True)
  )
  (down_sample): Sequential(
    (0): MaxPool2d(kernel_size=2, stride=2, padding=0, dilation=1, ceil_mode=False)
    (1): BatchNorm2d(64, eps=1e-05, momentum=0.1, affine=True, track_running_stats=True)
  )
  (global_pool): AdaptiveAvgPool2d(output_size=(1, 1))
  (classifier): Linear(in_features=64, out_features=1000, bias=True)
)
data_lengths {'train': 1281167, 'val': 50000}
Epoch 001/100: Train Loss: 0.1566 Acc: 0.1023 | Val Loss: 0.3337 Acc: 0.0011 | Epoch: 001 -> Saving model ./models/saved/kutralnet/imagenet/best_model_ep.pth
lr: 0.001000
time elapsed: 60m 58s
Epoch 002/100: Train Loss: 0.1325 Acc: 0.1817 | Val Loss: 0.3673 Acc: 0.0012 | Epoch: 002 -> Saving model ./models/saved/kutralnet/imagenet/best_model_ep.pth
lr: 0.001000
time elapsed: 60m 52s
Epoch 003/100: Train Loss: 0.1245 Acc: 0.2159 | Val Loss: 0.3685 Acc: 0.0010 | lr: 0.001000
time elapsed: 60m 50s
Epoch 004/100: Train Loss: 0.1199 Acc: 0.2365 | Val Loss: 0.3794 Acc: 0.0010 | lr: 0.001000
time elapsed: 61m 4s
Epoch 005/100: Train Loss: 0.1168 Acc: 0.2508 | Val Loss: 0.3797 Acc: 0.0007 | lr: 0.001000
time elapsed: 60m 58s
Epoch 006/100: Train Loss: 0.1147 Acc: 0.2603 | Val Loss: 0.3935 Acc: 0.0010 | lr: 0.001000
time elapsed: 60m 45s
Epoch 007/100: Train Loss: 0.1130 Acc: 0.2690 | Val Loss: 0.3899 Acc: 0.0010 | lr: 0.001000
time elapsed: 60m 41s
Epoch 008/100: Train Loss: 0.1117 Acc: 0.2746 | Val Loss: 0.3987 Acc: 0.0009 | lr: 0.001000
time elapsed: 60m 42s
Epoch 009/100: Train Loss: 0.1105 Acc: 0.2801 | Val Loss: 0.4019 Acc: 0.0009 | lr: 0.001000
time elapsed: 60m 33s
Epoch 010/100: Train Loss: 0.1096 Acc: 0.2845 | Val Loss: 0.4065 Acc: 0.0011 | lr: 0.001000
time elapsed: 60m 37s
Epoch 011/100: Train Loss: 0.1088 Acc: 0.2881 | Val Loss: 0.4133 Acc: 0.0009 | lr: 0.001000
time elapsed: 60m 27s
Epoch 012/100: Train Loss: 0.1081 Acc: 0.2915 | Val Loss: 0.3958 Acc: 0.0008 | lr: 0.001000
time elapsed: 60m 31s
Epoch 013/100: Train Loss: 0.1075 Acc: 0.2944 | Val Loss: 0.4045 Acc: 0.0010 | lr: 0.001000
time elapsed: 60m 30s
Epoch 014/100: Train Loss: 0.1070 Acc: 0.2972 | Val Loss: 0.4146 Acc: 0.0008 | lr: 0.001000
time elapsed: 60m 29s
Epoch 015/100: Train Loss: 0.1065 Acc: 0.2995 | Val Loss: 0.4180 Acc: 0.0009 | lr: 0.001000
time elapsed: 60m 31s
Epoch 016/100: Train Loss: 0.1060 Acc: 0.3015 | Val Loss: 0.4134 Acc: 0.0009 | lr: 0.001000
time elapsed: 60m 35s
Epoch 017/100: Train Loss: 0.1056 Acc: 0.3036 | Val Loss: 0.4167 Acc: 0.0008 | lr: 0.001000
time elapsed: 60m 58s
Epoch 018/100: Train Loss: 0.1053 Acc: 0.3054 | Val Loss: 0.4200 Acc: 0.0010 | lr: 0.001000
time elapsed: 63m 18s
Epoch 019/100: Train Loss: 0.1049 Acc: 0.3068 | Val Loss: 0.4166 Acc: 0.0008 | lr: 0.001000
time elapsed: 66m 27s
Epoch 020/100: Train Loss: 0.1046 Acc: 0.3079 | Val Loss: 0.4204 Acc: 0.0009 | lr: 0.001000
time elapsed: 63m 59s
Epoch 021/100: Train Loss: 0.1043 Acc: 0.3100 | Val Loss: 0.4228 Acc: 0.0009 | lr: 0.001000
time elapsed: 62m 30s
Epoch 022/100: Train Loss: 0.1040 Acc: 0.3109 | Val Loss: 0.4275 Acc: 0.0010 | lr: 0.001000
time elapsed: 61m 34s
Epoch 023/100: Train Loss: 0.1038 Acc: 0.3122 | Val Loss: 0.4262 Acc: 0.0009 | lr: 0.001000
time elapsed: 61m 34s
Epoch 024/100: Train Loss: 0.1035 Acc: 0.3140 | Val Loss: 0.4221 Acc: 0.0009 | lr: 0.001000
time elapsed: 61m 10s
Epoch 025/100: Train Loss: 0.1033 Acc: 0.3148 | Val Loss: 0.4085 Acc: 0.0010 | lr: 0.001000
time elapsed: 61m 13s
Epoch 026/100: Train Loss: 0.1031 Acc: 0.3156 | Val Loss: 0.4227 Acc: 0.0009 | lr: 0.001000
time elapsed: 61m 19s
Epoch 027/100: Train Loss: 0.1029 Acc: 0.3166 | Val Loss: 0.4105 Acc: 0.0009 | lr: 0.001000
time elapsed: 61m 11s
Epoch 028/100: Train Loss: 0.1026 Acc: 0.3174 | Val Loss: 0.4268 Acc: 0.0010 | lr: 0.001000
time elapsed: 61m 14s
Epoch 029/100: Train Loss: 0.1024 Acc: 0.3189 | Val Loss: 0.4328 Acc: 0.0010 | lr: 0.001000
time elapsed: 61m 13s
Epoch 030/100: Train Loss: 0.1023 Acc: 0.3195 | Val Loss: 0.4236 Acc: 0.0012 | lr: 0.001000
time elapsed: 61m 12s
Epoch 031/100: Train Loss: 0.1021 Acc: 0.3200 | Val Loss: 0.4394 Acc: 0.0009 | lr: 0.001000
time elapsed: 61m 11s
Epoch 032/100: Train Loss: 0.1019 Acc: 0.3214 | Val Loss: 0.4255 Acc: 0.0008 | lr: 0.001000
time elapsed: 62m 1s
Epoch 033/100: Train Loss: 0.1018 Acc: 0.3220 | Val Loss: 0.4317 Acc: 0.0009 | lr: 0.001000
time elapsed: 62m 17s
Epoch 034/100: Train Loss: 0.1016 Acc: 0.3224 | Val Loss: 0.4283 Acc: 0.0011 | lr: 0.001000
time elapsed: 63m 19s
Epoch 035/100: Train Loss: 0.1015 Acc: 0.3233 | Val Loss: 0.4306 Acc: 0.0009 | lr: 0.001000
time elapsed: 64m 52s
Epoch 036/100: Train Loss: 0.1013 Acc: 0.3239 | Val Loss: 0.4235 Acc: 0.0010 | lr: 0.001000
time elapsed: 63m 45s
Epoch 037/100: Train Loss: 0.1012 Acc: 0.3248 | Val Loss: 0.4247 Acc: 0.0010 | lr: 0.001000
time elapsed: 63m 38s
Epoch 038/100: Train Loss: 0.1011 Acc: 0.3252 | Val Loss: 0.4231 Acc: 0.0010 | lr: 0.001000
time elapsed: 63m 51s
Epoch 039/100: Train Loss: 0.1009 Acc: 0.3265 | Val Loss: 0.4168 Acc: 0.0010 | lr: 0.001000
time elapsed: 62m 10s
Epoch 040/100: Train Loss: 0.1008 Acc: 0.3268 | Val Loss: 0.4309 Acc: 0.0009 | lr: 0.001000
time elapsed: 61m 42s
Epoch 041/100: Train Loss: 0.1006 Acc: 0.3280 | Val Loss: 0.4385 Acc: 0.0009 | lr: 0.001000
time elapsed: 61m 16s
Epoch 042/100: Train Loss: 0.1005 Acc: 0.3280 | Val Loss: 0.4301 Acc: 0.0009 | lr: 0.001000
time elapsed: 60m 55s
Epoch 043/100: Train Loss: 0.1004 Acc: 0.3286 | Val Loss: 0.4315 Acc: 0.0008 | lr: 0.001000
time elapsed: 61m 37s
Epoch 044/100: Train Loss: 0.1003 Acc: 0.3290 | Val Loss: 0.4286 Acc: 0.0009 | lr: 0.001000
time elapsed: 61m 51s
Epoch 045/100: Train Loss: 0.1002 Acc: 0.3297 | Val Loss: 0.4279 Acc: 0.0008 | lr: 0.001000
time elapsed: 62m 59s
Epoch 046/100: Train Loss: 0.1001 Acc: 0.3298 | Val Loss: 0.4337 Acc: 0.0012 | Epoch: 046 -> Saving model ./models/saved/kutralnet/imagenet/best_model_ep.pth
lr: 0.001000
time elapsed: 64m 5s
Epoch 047/100: Train Loss: 0.1000 Acc: 0.3306 | Val Loss: 0.4218 Acc: 0.0010 | lr: 0.001000
time elapsed: 64m 18s
Epoch 048/100: Train Loss: 0.0999 Acc: 0.3312 | Val Loss: 0.4273 Acc: 0.0011 | lr: 0.001000
time elapsed: 63m 7s
Epoch 049/100: Train Loss: 0.0998 Acc: 0.3314 | Val Loss: 0.4314 Acc: 0.0009 | lr: 0.001000
time elapsed: 63m 7s
Epoch 050/100: Train Loss: 0.0998 Acc: 0.3320 | Val Loss: 0.4353 Acc: 0.0012 | lr: 0.001000
time elapsed: 63m 32s
Epoch 051/100: Train Loss: 0.0997 Acc: 0.3322 | Val Loss: 0.4433 Acc: 0.0009 | lr: 0.001000
time elapsed: 63m 36s
Epoch 052/100: Train Loss: 0.0996 Acc: 0.3327 | Val Loss: 0.4350 Acc: 0.0009 | lr: 0.001000
time elapsed: 62m 49s
Epoch 053/100: Train Loss: 0.0995 Acc: 0.3329 | Val Loss: 0.4393 Acc: 0.0010 | lr: 0.001000
time elapsed: 62m 25s
Epoch 054/100: Train Loss: 0.0994 Acc: 0.3337 | Val Loss: 0.4311 Acc: 0.0008 | lr: 0.001000
time elapsed: 63m 5s
Epoch 055/100: Train Loss: 0.0993 Acc: 0.3339 | Val Loss: 0.4242 Acc: 0.0011 | lr: 0.001000
time elapsed: 63m 56s
Epoch 056/100: Train Loss: 0.0992 Acc: 0.3342 | Val Loss: 0.4233 Acc: 0.0010 | lr: 0.001000
time elapsed: 64m 49s
Epoch 057/100: Train Loss: 0.0992 Acc: 0.3347 | Val Loss: 0.4386 Acc: 0.0009 | lr: 0.001000
time elapsed: 64m 38s
Epoch 058/100: Train Loss: 0.0991 Acc: 0.3351 | Val Loss: 0.4386 Acc: 0.0011 | lr: 0.001000
time elapsed: 63m 38s
Epoch 059/100: Train Loss: 0.0990 Acc: 0.3358 | Val Loss: 0.4360 Acc: 0.0010 | lr: 0.001000
time elapsed: 63m 22s
Epoch 060/100: Train Loss: 0.0990 Acc: 0.3355 | Val Loss: 0.4304 Acc: 0.0009 | lr: 0.001000
time elapsed: 63m 32s
Epoch 061/100: Train Loss: 0.0989 Acc: 0.3359 | Val Loss: 0.4392 Acc: 0.0010 | lr: 0.001000
time elapsed: 63m 50s
Epoch 062/100: Train Loss: 0.0988 Acc: 0.3366 | Val Loss: 0.4450 Acc: 0.0009 | lr: 0.001000
time elapsed: 63m 15s
Epoch 063/100: Train Loss: 0.0987 Acc: 0.3364 | Val Loss: 0.4402 Acc: 0.0009 | lr: 0.001000
time elapsed: 63m 48s
Epoch 064/100: Train Loss: 0.0987 Acc: 0.3374 | Val Loss: 0.4512 Acc: 0.0010 | lr: 0.001000
time elapsed: 64m 30s
Epoch 065/100: Train Loss: 0.0986 Acc: 0.3373 | Val Loss: 0.4377 Acc: 0.0010 | lr: 0.001000
time elapsed: 65m 19s
Epoch 066/100: Train Loss: 0.0986 Acc: 0.3374 | Val Loss: 0.4495 Acc: 0.0009 | lr: 0.001000
time elapsed: 63m 50s
Epoch 067/100: Train Loss: 0.0985 Acc: 0.3380 | Val Loss: 0.4338 Acc: 0.0009 | lr: 0.001000
time elapsed: 62m 32s
Epoch 068/100: Train Loss: 0.0984 Acc: 0.3377 | Val Loss: 0.4434 Acc: 0.0007 | lr: 0.001000
time elapsed: 63m 11s
Epoch 069/100: Train Loss: 0.0984 Acc: 0.3388 | Val Loss: 0.4315 Acc: 0.0010 | lr: 0.001000
time elapsed: 63m 12s
Epoch 070/100: Train Loss: 0.0983 Acc: 0.3387 | Val Loss: 0.4472 Acc: 0.0010 | lr: 0.001000
time elapsed: 63m 31s
Epoch 071/100: Train Loss: 0.0983 Acc: 0.3392 | Val Loss: 0.4443 Acc: 0.0009 | lr: 0.001000
time elapsed: 64m 3s
Epoch 072/100: Train Loss: 0.0982 Acc: 0.3393 | Val Loss: 0.4448 Acc: 0.0010 | lr: 0.001000
time elapsed: 65m 7s
Epoch 073/100: Train Loss: 0.0982 Acc: 0.3391 | Val Loss: 0.4497 Acc: 0.0009 | lr: 0.001000
time elapsed: 65m 21s
Epoch 074/100: Train Loss: 0.0981 Acc: 0.3396 | Val Loss: 0.4488 Acc: 0.0009 | lr: 0.001000
time elapsed: 64m 15s
Epoch 075/100: Train Loss: 0.0981 Acc: 0.3397 | Val Loss: 0.4335 Acc: 0.0009 | lr: 0.001000
time elapsed: 63m 19s
Epoch 076/100: Train Loss: 0.0980 Acc: 0.3403 | Val Loss: 0.4346 Acc: 0.0008 | lr: 0.001000
time elapsed: 63m 22s
Epoch 077/100: Train Loss: 0.0980 Acc: 0.3404 | Val Loss: 0.4290 Acc: 0.0011 | lr: 0.001000
time elapsed: 63m 28s
Epoch 078/100: Train Loss: 0.0979 Acc: 0.3407 | Val Loss: 0.4295 Acc: 0.0009 | lr: 0.001000
time elapsed: 63m 46s
Epoch 079/100: Train Loss: 0.0979 Acc: 0.3409 | Val Loss: 0.4397 Acc: 0.0009 | lr: 0.001000
time elapsed: 64m 5s
Epoch 080/100: Train Loss: 0.0978 Acc: 0.3415 | Val Loss: 0.4382 Acc: 0.0009 | lr: 0.001000
time elapsed: 64m 22s
Epoch 081/100: Train Loss: 0.0978 Acc: 0.3414 | Val Loss: 0.4404 Acc: 0.0009 | lr: 0.001000
time elapsed: 65m 33s
Epoch 082/100: Train Loss: 0.0977 Acc: 0.3418 | Val Loss: 0.4455 Acc: 0.0008 | lr: 0.001000
time elapsed: 65m 33s
Epoch 083/100: Train Loss: 0.0977 Acc: 0.3419 | Val Loss: 0.4449 Acc: 0.0008 | lr: 0.001000
time elapsed: 64m 7s
Epoch 084/100: Train Loss: 0.0976 Acc: 0.3421 | Val Loss: 0.4441 Acc: 0.0008 | lr: 0.001000
time elapsed: 63m 32s
Epoch 085/100: Train Loss: 0.0976 Acc: 0.3423 | Val Loss: 0.4364 Acc: 0.0010 | lr: 0.000100
time elapsed: 63m 31s
Epoch 086/100: Train Loss: 0.0951 Acc: 0.3569 | Val Loss: 0.4528 Acc: 0.0009 | lr: 0.000100
time elapsed: 63m 12s
Epoch 087/100: Train Loss: 0.0948 Acc: 0.3577 | Val Loss: 0.4568 Acc: 0.0009 | lr: 0.000100
time elapsed: 63m 58s
Epoch 088/100: Train Loss: 0.0948 Acc: 0.3580 | Val Loss: 0.4555 Acc: 0.0009 | lr: 0.000100
time elapsed: 64m 27s
Epoch 089/100: Train Loss: 0.0947 Acc: 0.3584 | Val Loss: 0.4556 Acc: 0.0010 | lr: 0.000100
time elapsed: 65m 52s
Epoch 090/100: Train Loss: 0.0947 Acc: 0.3582 | Val Loss: 0.4549 Acc: 0.0010 | lr: 0.000100
time elapsed: 65m 57s
Epoch 091/100: Train Loss: 0.0947 Acc: 0.3584 | Val Loss: 0.4535 Acc: 0.0010 | lr: 0.000100
time elapsed: 64m 54s
Epoch 092/100: Train Loss: 0.0947 Acc: 0.3586 | Val Loss: 0.4558 Acc: 0.0009 | lr: 0.000100
time elapsed: 63m 58s
Epoch 093/100: Train Loss: 0.0947 Acc: 0.3586 | Val Loss: 0.4542 Acc: 0.0010 | lr: 0.000100
time elapsed: 63m 36s
Epoch 094/100: Train Loss: 0.0946 Acc: 0.3584 | Val Loss: 0.4508 Acc: 0.0009 | lr: 0.000100
time elapsed: 63m 55s
Epoch 095/100: Train Loss: 0.0946 Acc: 0.3588 | Val Loss: 0.4523 Acc: 0.0009 | lr: 0.000100
time elapsed: 63m 25s
Epoch 096/100: Train Loss: 0.0946 Acc: 0.3588 | Val Loss: 0.4553 Acc: 0.0010 | lr: 0.000100
time elapsed: 64m 14s
Epoch 097/100: Train Loss: 0.0946 Acc: 0.3591 | Val Loss: 0.4532 Acc: 0.0010 | lr: 0.000100
time elapsed: 64m 35s
Epoch 098/100: Train Loss: 0.0946 Acc: 0.3588 | Val Loss: 0.4586 Acc: 0.0009 | lr: 0.000100
time elapsed: 65m 47s
Epoch 099/100: Train Loss: 0.0946 Acc: 0.3589 | Val Loss: 0.4539 Acc: 0.0009 | lr: 0.000100
time elapsed: 65m 30s
Epoch 100/100: Train Loss: 0.0946 Acc: 0.3591 | Val Loss: 0.4622 Acc: 0.0009 | lr: 0.000100
time elapsed: 64m 55s
Training complete in 6299m 54s
Best accuracy on epoch 46: 0.001200
