KutralNetMobileOct(
  (firstBlock): Sequential(
    (0): Conv2d(3, 32, kernel_size=(3, 3), stride=(1, 1), padding=(1, 1), bias=False)
    (1): BatchNorm2d(32, eps=1e-05, momentum=0.1, affine=True, track_running_stats=True)
    (2): LeakyReLU(negative_slope=0.01, inplace=True)
    (3): MaxPool2d(kernel_size=2, stride=2, padding=0, dilation=1, ceil_mode=False)
  )
  (block1): InvertedResidualOct(
    (conv): Sequential(
      (0): OctConvBlock(
        (conv): OctConv2d(in_channels=(low: 0, high: 32), out_channels=(low: 64, high: 64),
                  kernel_size=(1, 1), stride=(1, 1),
                  padding=0, alphas=(0.0, 0.5), dilation=1, groups=(low: 1, high: 1),
                  bias=False)
        (bn): _BatchNorm2d(
          (bnh): BatchNorm2d(64, eps=1e-05, momentum=0.1, affine=True, track_running_stats=True)
          (bnl): BatchNorm2d(64, eps=1e-05, momentum=0.1, affine=True, track_running_stats=True)
        )
        (act): _LeakyReLU(negative_slope=0.01, inplace=True)
      )
      (1): OctConvBlock(
        (conv): OctConv2d(in_channels=(low: 64, high: 64), out_channels=(low: 64, high: 64),
                  kernel_size=(3, 3), stride=(2, 2),
                  padding=1, alphas=(0.5, 0.5), dilation=1, groups=(low: 64, high: 64),
                  bias=False)
        (bn): _BatchNorm2d(
          (bnh): BatchNorm2d(64, eps=1e-05, momentum=0.1, affine=True, track_running_stats=True)
          (bnl): BatchNorm2d(64, eps=1e-05, momentum=0.1, affine=True, track_running_stats=True)
        )
        (act): _LeakyReLU(negative_slope=0.01, inplace=True)
      )
      (2): OctConv2d(in_channels=(low: 64, high: 64), out_channels=(low: 32, high: 32),
                kernel_size=(1, 1), stride=(1, 1),
                padding=0, alphas=(0.5, 0.5), dilation=1, groups=(low: 1, high: 1),
                bias=False)
      (3): _BatchNorm2d(
        (bnh): BatchNorm2d(32, eps=1e-05, momentum=0.1, affine=True, track_running_stats=True)
        (bnl): BatchNorm2d(32, eps=1e-05, momentum=0.1, affine=True, track_running_stats=True)
      )
    )
  )
  (block2): InvertedResidualOct(
    (conv): Sequential(
      (0): OctConvBlock(
        (conv): OctConv2d(in_channels=(low: 32, high: 32), out_channels=(low: 128, high: 128),
                  kernel_size=(1, 1), stride=(1, 1),
                  padding=0, alphas=(0.5, 0.5), dilation=1, groups=(low: 1, high: 1),
                  bias=False)
        (bn): _BatchNorm2d(
          (bnh): BatchNorm2d(128, eps=1e-05, momentum=0.1, affine=True, track_running_stats=True)
          (bnl): BatchNorm2d(128, eps=1e-05, momentum=0.1, affine=True, track_running_stats=True)
        )
        (act): _LeakyReLU(negative_slope=0.01, inplace=True)
      )
      (1): OctConvBlock(
        (conv): OctConv2d(in_channels=(low: 128, high: 128), out_channels=(low: 128, high: 128),
                  kernel_size=(3, 3), stride=(2, 2),
                  padding=1, alphas=(0.5, 0.5), dilation=1, groups=(low: 128, high: 128),
                  bias=False)
        (bn): _BatchNorm2d(
          (bnh): BatchNorm2d(128, eps=1e-05, momentum=0.1, affine=True, track_running_stats=True)
          (bnl): BatchNorm2d(128, eps=1e-05, momentum=0.1, affine=True, track_running_stats=True)
        )
        (act): _LeakyReLU(negative_slope=0.01, inplace=True)
      )
      (2): OctConv2d(in_channels=(low: 128, high: 128), out_channels=(low: 64, high: 64),
                kernel_size=(1, 1), stride=(1, 1),
                padding=0, alphas=(0.5, 0.5), dilation=1, groups=(low: 1, high: 1),
                bias=False)
      (3): _BatchNorm2d(
        (bnh): BatchNorm2d(64, eps=1e-05, momentum=0.1, affine=True, track_running_stats=True)
        (bnl): BatchNorm2d(64, eps=1e-05, momentum=0.1, affine=True, track_running_stats=True)
      )
    )
  )
  (block3): InvertedResidualOct(
    (conv): Sequential(
      (0): OctConvBlock(
        (conv): OctConv2d(in_channels=(low: 64, high: 64), out_channels=(low: 256, high: 256),
                  kernel_size=(1, 1), stride=(1, 1),
                  padding=0, alphas=(0.5, 0.5), dilation=1, groups=(low: 1, high: 1),
                  bias=False)
        (bn): _BatchNorm2d(
          (bnh): BatchNorm2d(256, eps=1e-05, momentum=0.1, affine=True, track_running_stats=True)
          (bnl): BatchNorm2d(256, eps=1e-05, momentum=0.1, affine=True, track_running_stats=True)
        )
        (act): _LeakyReLU(negative_slope=0.01, inplace=True)
      )
      (1): OctConvBlock(
        (conv): OctConv2d(in_channels=(low: 256, high: 256), out_channels=(low: 256, high: 256),
                  kernel_size=(3, 3), stride=(1, 1),
                  padding=1, alphas=(0.5, 0.5), dilation=1, groups=(low: 256, high: 256),
                  bias=False)
        (bn): _BatchNorm2d(
          (bnh): BatchNorm2d(256, eps=1e-05, momentum=0.1, affine=True, track_running_stats=True)
          (bnl): BatchNorm2d(256, eps=1e-05, momentum=0.1, affine=True, track_running_stats=True)
        )
        (act): _LeakyReLU(negative_slope=0.01, inplace=True)
      )
      (2): OctConv2d(in_channels=(low: 256, high: 256), out_channels=(low: 0, high: 64),
                kernel_size=(1, 1), stride=(1, 1),
                padding=0, alphas=(0.5, 0.0), dilation=1, groups=(low: 1, high: 1),
                bias=False)
      (3): _BatchNorm2d(
        (bnh): BatchNorm2d(64, eps=1e-05, momentum=0.1, affine=True, track_running_stats=True)
        (bnl): BatchNorm2d(0, eps=1e-05, momentum=0.1, affine=True, track_running_stats=True)
      )
    )
  )
  (down_sample): Sequential(
    (0): _MaxPool2d(kernel_size=2, stride=2, padding=0, dilation=1, ceil_mode=False)
    (1): _BatchNorm2d(
      (bnh): BatchNorm2d(32, eps=1e-05, momentum=0.1, affine=True, track_running_stats=True)
      (bnl): BatchNorm2d(32, eps=1e-05, momentum=0.1, affine=True, track_running_stats=True)
    )
    (2): OctConvBlock(
      (conv): OctConv2d(in_channels=(low: 32, high: 32), out_channels=(low: 0, high: 64),
                kernel_size=(1, 1), stride=(1, 1),
                padding=0, alphas=(0.5, 0.0), dilation=1, groups=(low: 1, high: 1),
                bias=False)
    )
  )
  (global_pool): AdaptiveAvgPool2d(output_size=(1, 1))
  (classifier): Linear(in_features=64, out_features=1000, bias=True)
)
data_lengths {'train': 1281167, 'val': 50000}
Epoch 001/100: Train Loss: 0.1470 Acc: 0.1304 | Val Loss: 0.3582 Acc: 0.0012 | Epoch: 001 -> Saving model ./models/saved/kutralnet_mobileoct/imagenet/best_model_ep.pth
time elapsed: 64m 45s
Epoch 002/100: Train Loss: 0.1211 Acc: 0.2242 | Val Loss: 0.3739 Acc: 0.0011 | time elapsed: 65m 53s
Epoch 003/100: Train Loss: 0.1127 Acc: 0.2625 | Val Loss: 0.3883 Acc: 0.0010 | time elapsed: 64m 59s
Epoch 004/100: Train Loss: 0.1079 Acc: 0.2848 | Val Loss: 0.4076 Acc: 0.0011 | time elapsed: 65m 19s
Epoch 005/100: Train Loss: 0.1046 Acc: 0.3011 | Val Loss: 0.4033 Acc: 0.0011 | time elapsed: 64m 51s
Epoch 006/100: Train Loss: 0.1021 Acc: 0.3136 | Val Loss: 0.4158 Acc: 0.0010 | time elapsed: 64m 47s
Epoch 007/100: Train Loss: 0.1002 Acc: 0.3226 | Val Loss: 0.4190 Acc: 0.0011 | time elapsed: 64m 45s
Epoch 008/100: Train Loss: 0.0987 Acc: 0.3302 | Val Loss: 0.4217 Acc: 0.0010 | time elapsed: 64m 58s
Epoch 009/100: Train Loss: 0.0974 Acc: 0.3366 | Val Loss: 0.4026 Acc: 0.0009 | time elapsed: 65m 54s
Epoch 010/100: Train Loss: 0.0963 Acc: 0.3422 | Val Loss: 0.4169 Acc: 0.0011 | time elapsed: 65m 25s
Epoch 011/100: Train Loss: 0.0954 Acc: 0.3470 | Val Loss: 0.4343 Acc: 0.0012 | time elapsed: 64m 56s
Epoch 012/100: Train Loss: 0.0946 Acc: 0.3514 | Val Loss: 0.4391 Acc: 0.0010 | time elapsed: 65m 1s
Epoch 013/100: Train Loss: 0.0938 Acc: 0.3550 | Val Loss: 0.4334 Acc: 0.0011 | time elapsed: 66m 6s
Epoch 014/100: Train Loss: 0.0932 Acc: 0.3583 | Val Loss: 0.4293 Acc: 0.0012 | time elapsed: 64m 39s
Epoch 015/100: Train Loss: 0.0927 Acc: 0.3613 | Val Loss: 0.4310 Acc: 0.0009 | time elapsed: 65m 11s
Epoch 016/100: Train Loss: 0.0921 Acc: 0.3640 | Val Loss: 0.4352 Acc: 0.0009 | time elapsed: 66m 3s
Epoch 017/100: Train Loss: 0.0917 Acc: 0.3666 | Val Loss: 0.4361 Acc: 0.0011 | time elapsed: 65m 25s
Epoch 018/100: Train Loss: 0.0912 Acc: 0.3687 | Val Loss: 0.4442 Acc: 0.0010 | time elapsed: 65m 19s
Epoch 019/100: Train Loss: 0.0909 Acc: 0.3708 | Val Loss: 0.4449 Acc: 0.0011 | time elapsed: 65m 25s
Epoch 020/100: Train Loss: 0.0905 Acc: 0.3730 | Val Loss: 0.4383 Acc: 0.0012 | Epoch: 020 -> Saving model ./models/saved/kutralnet_mobileoct/imagenet/best_model_ep.pth
time elapsed: 66m 29s
Epoch 021/100: Train Loss: 0.0902 Acc: 0.3747 | Val Loss: 0.4466 Acc: 0.0011 | time elapsed: 65m 20s
Epoch 022/100: Train Loss: 0.0898 Acc: 0.3768 | Val Loss: 0.4530 Acc: 0.0010 | time elapsed: 65m 10s
Epoch 023/100: Train Loss: 0.0895 Acc: 0.3782 | Val Loss: 0.4390 Acc: 0.0010 | time elapsed: 66m 10s
Epoch 024/100: Train Loss: 0.0892 Acc: 0.3794 | Val Loss: 0.4471 Acc: 0.0009 | time elapsed: 66m 41s
Epoch 025/100: Train Loss: 0.0890 Acc: 0.3810 | Val Loss: 0.4532 Acc: 0.0011 | time elapsed: 66m 23s
Epoch 026/100: Train Loss: 0.0887 Acc: 0.3821 | Val Loss: 0.4591 Acc: 0.0010 | time elapsed: 66m 14s
Epoch 027/100: Train Loss: 0.0884 Acc: 0.3837 | Val Loss: 0.4535 Acc: 0.0011 | time elapsed: 66m 37s
Epoch 028/100: Train Loss: 0.0882 Acc: 0.3844 | Val Loss: 0.4640 Acc: 0.0009 | time elapsed: 65m 17s
Epoch 029/100: Train Loss: 0.0880 Acc: 0.3859 | Val Loss: 0.4503 Acc: 0.0009 | time elapsed: 66m 48s
Epoch 030/100: Train Loss: 0.0878 Acc: 0.3872 | Val Loss: 0.4653 Acc: 0.0011 | time elapsed: 67m 16s
Epoch 031/100: Train Loss: 0.0876 Acc: 0.3883 | Val Loss: 0.4510 Acc: 0.0011 | time elapsed: 66m 36s
Epoch 032/100: Train Loss: 0.0874 Acc: 0.3893 | Val Loss: 0.4554 Acc: 0.0010 | time elapsed: 66m 2s
Epoch 033/100: Train Loss: 0.0872 Acc: 0.3905 | Val Loss: 0.4665 Acc: 0.0009 | time elapsed: 66m 46s
Epoch 034/100: Train Loss: 0.0870 Acc: 0.3910 | Val Loss: 0.4670 Acc: 0.0009 | time elapsed: 67m 17s
Epoch 035/100: Train Loss: 0.0869 Acc: 0.3917 | Val Loss: 0.4578 Acc: 0.0009 | time elapsed: 68m 16s
Epoch 036/100: Train Loss: 0.0867 Acc: 0.3929 | Val Loss: 0.4504 Acc: 0.0010 | time elapsed: 66m 28s
Epoch 037/100: Train Loss: 0.0865 Acc: 0.3939 | Val Loss: 0.4670 Acc: 0.0011 | time elapsed: 66m 5s
Epoch 038/100: Train Loss: 0.0864 Acc: 0.3951 | Val Loss: 0.4528 Acc: 0.0011 | time elapsed: 67m 29s
Epoch 039/100: Train Loss: 0.0862 Acc: 0.3958 | Val Loss: 0.4508 Acc: 0.0010 | time elapsed: 67m 13s
Epoch 040/100: Train Loss: 0.0861 Acc: 0.3963 | Val Loss: 0.4644 Acc: 0.0011 | time elapsed: 68m 13s
Epoch 041/100: Train Loss: 0.0860 Acc: 0.3969 | Val Loss: 0.4557 Acc: 0.0010 | time elapsed: 68m 52s
Epoch 042/100: Train Loss: 0.0858 Acc: 0.3973 | Val Loss: 0.4589 Acc: 0.0009 | time elapsed: 66m 26s
Epoch 043/100: Train Loss: 0.0857 Acc: 0.3986 | Val Loss: 0.4561 Acc: 0.0011 | time elapsed: 67m 3s
Epoch 044/100: Train Loss: 0.0856 Acc: 0.3995 | Val Loss: 0.4663 Acc: 0.0008 | time elapsed: 67m 53s
Epoch 045/100: Train Loss: 0.0854 Acc: 0.3998 | Val Loss: 0.4708 Acc: 0.0010 | time elapsed: 69m 26s
Epoch 046/100: Train Loss: 0.0853 Acc: 0.4006 | Val Loss: 0.4676 Acc: 0.0009 | time elapsed: 69m 59s
Epoch 047/100: Train Loss: 0.0852 Acc: 0.4011 | Val Loss: 0.4619 Acc: 0.0010 | time elapsed: 66m 30s
Epoch 048/100: Train Loss: 0.0851 Acc: 0.4015 | Val Loss: 0.4664 Acc: 0.0009 | time elapsed: 67m 12s
Epoch 049/100: Train Loss: 0.0850 Acc: 0.4023 | Val Loss: 0.4658 Acc: 0.0010 | time elapsed: 69m 43s
Epoch 050/100: Train Loss: 0.0849 Acc: 0.4027 | Val Loss: 0.4652 Acc: 0.0011 | time elapsed: 69m 58s
Epoch 051/100: Train Loss: 0.0848 Acc: 0.4035 | Val Loss: 0.4613 Acc: 0.0010 | time elapsed: 69m 36s
Epoch 052/100: Train Loss: 0.0847 Acc: 0.4039 | Val Loss: 0.4651 Acc: 0.0010 | time elapsed: 67m 13s
Epoch 053/100: Train Loss: 0.0846 Acc: 0.4047 | Val Loss: 0.4673 Acc: 0.0010 | time elapsed: 68m 17s
Epoch 054/100: Train Loss: 0.0845 Acc: 0.4051 | Val Loss: 0.4655 Acc: 0.0010 | time elapsed: 71m 24s
Epoch 055/100: Train Loss: 0.0844 Acc: 0.4051 | Val Loss: 0.4619 Acc: 0.0010 | time elapsed: 69m 45s
Epoch 056/100: Train Loss: 0.0843 Acc: 0.4060 | Val Loss: 0.4712 Acc: 0.0011 | time elapsed: 70m 2s
Epoch 057/100: Train Loss: 0.0842 Acc: 0.4064 | Val Loss: 0.4614 Acc: 0.0009 | time elapsed: 67m 51s
Epoch 058/100: Train Loss: 0.0842 Acc: 0.4068 | Val Loss: 0.4749 Acc: 0.0010 | time elapsed: 70m 3s
Epoch 059/100: Train Loss: 0.0841 Acc: 0.4070 | Val Loss: 0.4664 Acc: 0.0009 | time elapsed: 72m 14s
Epoch 060/100: Train Loss: 0.0840 Acc: 0.4077 | Val Loss: 0.4595 Acc: 0.0009 | time elapsed: 71m 14s
Epoch 061/100: Train Loss: 0.0839 Acc: 0.4086 | Val Loss: 0.4731 Acc: 0.0011 | time elapsed: 68m 24s
Epoch 062/100: Train Loss: 0.0838 Acc: 0.4088 | Val Loss: 0.4828 Acc: 0.0010 | time elapsed: 69m 10s
Epoch 063/100: Train Loss: 0.0837 Acc: 0.4095 | Val Loss: 0.4721 Acc: 0.0011 | time elapsed: 73m 22s
Epoch 064/100: Train Loss: 0.0837 Acc: 0.4094 | Val Loss: 0.4687 Acc: 0.0010 | time elapsed: 71m 16s
Epoch 065/100: Train Loss: 0.0836 Acc: 0.4097 | Val Loss: 0.4726 Acc: 0.0010 | time elapsed: 69m 60s
Epoch 066/100: Train Loss: 0.0836 Acc: 0.4101 | Val Loss: 0.4727 Acc: 0.0010 | time elapsed: 69m 21s
Epoch 067/100: Train Loss: 0.0835 Acc: 0.4105 | Val Loss: 0.4736 Acc: 0.0010 | time elapsed: 73m 46s
Epoch 068/100: Train Loss: 0.0834 Acc: 0.4109 | Val Loss: 0.4677 Acc: 0.0011 | time elapsed: 71m 6s
Epoch 069/100: Train Loss: 0.0834 Acc: 0.4112 | Val Loss: 0.4719 Acc: 0.0010 | time elapsed: 71m 43s
Epoch 070/100: Train Loss: 0.0833 Acc: 0.4113 | Val Loss: 0.4673 Acc: 0.0009 | time elapsed: 68m 34s
Epoch 071/100: Train Loss: 0.0833 Acc: 0.4121 | Val Loss: 0.4699 Acc: 0.0010 | time elapsed: 73m 0s
Epoch 072/100: Train Loss: 0.0832 Acc: 0.4122 | Val Loss: 0.4675 Acc: 0.0011 | time elapsed: 73m 48s
Epoch 073/100: Train Loss: 0.0831 Acc: 0.4127 | Val Loss: 0.4661 Acc: 0.0009 | time elapsed: 72m 5s
Epoch 074/100: Train Loss: 0.0831 Acc: 0.4130 | Val Loss: 0.4820 Acc: 0.0010 | time elapsed: 68m 8s
Epoch 075/100: Train Loss: 0.0830 Acc: 0.4134 | Val Loss: 0.4660 Acc: 0.0009 | time elapsed: 73m 45s
Epoch 076/100: Train Loss: 0.0830 Acc: 0.4132 | Val Loss: 0.4733 Acc: 0.0010 | time elapsed: 74m 32s
Epoch 077/100: Train Loss: 0.0829 Acc: 0.4137 | Val Loss: 0.4732 Acc: 0.0009 | time elapsed: 71m 39s
Epoch 078/100: Train Loss: 0.0828 Acc: 0.4140 | Val Loss: 0.4801 Acc: 0.0009 | time elapsed: 69m 38s
Epoch 079/100: Train Loss: 0.0828 Acc: 0.4143 | Val Loss: 0.4721 Acc: 0.0011 | time elapsed: 74m 4s
Epoch 080/100: Train Loss: 0.0828 Acc: 0.4146 | Val Loss: 0.4632 Acc: 0.0010 | time elapsed: 73m 54s
Epoch 081/100: Train Loss: 0.0827 Acc: 0.4149 | Val Loss: 0.4885 Acc: 0.0011 | time elapsed: 72m 27s
Epoch 082/100: Train Loss: 0.0826 Acc: 0.4151 | Val Loss: 0.4798 Acc: 0.0009 | time elapsed: 69m 31s
Epoch 083/100: Train Loss: 0.0826 Acc: 0.4157 | Val Loss: 0.4668 Acc: 0.0010 | time elapsed: 75m 24s
Epoch 084/100: Train Loss: 0.0825 Acc: 0.4156 | Val Loss: 0.4702 Acc: 0.0010 | time elapsed: 74m 2s
Epoch 085/100: Train Loss: 0.0825 Acc: 0.4153 | Val Loss: 0.4685 Acc: 0.0011 | time elapsed: 72m 14s
Epoch 086/100: Train Loss: 0.0825 Acc: 0.4158 | Val Loss: 0.4820 Acc: 0.0009 | time elapsed: 70m 52s
Epoch 087/100: Train Loss: 0.0824 Acc: 0.4165 | Val Loss: 0.4805 Acc: 0.0009 | time elapsed: 76m 3s
Epoch 088/100: Train Loss: 0.0824 Acc: 0.4167 | Val Loss: 0.4676 Acc: 0.0011 | time elapsed: 74m 0s
Epoch 089/100: Train Loss: 0.0823 Acc: 0.4169 | Val Loss: 0.4746 Acc: 0.0011 | time elapsed: 71m 16s
Epoch 090/100: Train Loss: 0.0822 Acc: 0.4174 | Val Loss: 0.4675 Acc: 0.0010 | time elapsed: 71m 7s
Epoch 091/100: Train Loss: 0.0822 Acc: 0.4175 | Val Loss: 0.4805 Acc: 0.0011 | time elapsed: 79m 11s
Epoch 092/100: Train Loss: 0.0822 Acc: 0.4173 | Val Loss: 0.4844 Acc: 0.0010 | time elapsed: 71m 58s
Epoch 093/100: Train Loss: 0.0822 Acc: 0.4175 | Val Loss: 0.4780 Acc: 0.0009 | time elapsed: 71m 26s
Epoch 094/100: Train Loss: 0.0821 Acc: 0.4183 | Val Loss: 0.4850 Acc: 0.0009 | time elapsed: 73m 54s
Epoch 095/100: Train Loss: 0.0821 Acc: 0.4184 | Val Loss: 0.4809 Acc: 0.0010 | time elapsed: 77m 27s
Epoch 096/100: Train Loss: 0.0820 Acc: 0.4181 | Val Loss: 0.4790 Acc: 0.0011 | time elapsed: 73m 35s
Epoch 097/100: Train Loss: 0.0820 Acc: 0.4184 | Val Loss: 0.4796 Acc: 0.0011 | time elapsed: 71m 27s
Epoch 098/100: Train Loss: 0.0819 Acc: 0.4194 | Val Loss: 0.4727 Acc: 0.0010 | time elapsed: 77m 16s
Epoch 099/100: Train Loss: 0.0819 Acc: 0.4191 | Val Loss: 0.4855 Acc: 0.0010 | time elapsed: 74m 46s
Epoch 100/100: Train Loss: 0.0818 Acc: 0.4194 | Val Loss: 0.4734 Acc: 0.0010 | time elapsed: 71m 58s
Training complete in 6920m 19s
Best accuracy on epoch 20: 0.001200
